
<<<<<<< Updated upstream
=== Sun Apr 21 13:34:41 2019
=======
=== Tue Aug 11 10:50:18 2020
>>>>>>> Stashed changes

Packages were changed.
Update Mode: updateDependencies

The following packages were added:
<<<<<<< Updated upstream
  com.unity.timeline@1.0.0
  com.unity.multiplayer-hlapi@1.0.2
  com.unity.xr.legacyinputhelpers@2.0.2
The following packages were updated:
  com.unity.analytics from version 3.2.2 to 3.3.2
  com.unity.package-manager-ui from version 2.0.3 to 2.1.2
  com.unity.purchasing from version 2.0.3 to 2.0.6
  com.unity.render-pipelines.core from version 4.10.0-preview to 5.7.2
  com.unity.textmeshpro from version 1.3.0 to 2.0.0
=======
  com.unity.2d.sprite@1.0.0
  com.unity.2d.tilemap@1.0.0
  com.unity.ide.rider@1.1.4
  com.unity.ide.visualstudio@2.0.0
  com.unity.ide.vscode@1.1.3
  com.unity.modules.androidjni@1.0.0
  com.unity.test-framework@1.1.5
  com.unity.timeline@1.2.3
  com.unity.ugui@1.0.0
  com.unity.xr.legacyinputhelpers@1.3.7
The following packages were updated:
  com.unity.2d.pixel-perfect from version 1.0.1-preview to 3.0.0
  com.unity.ads from version 2.0.8 to 3.3.1
  com.unity.analytics from version 3.2.2 to 3.3.2
  com.unity.collab-proxy from version 1.2.16 to 1.3.2
  com.unity.purchasing from version 2.0.3 to 2.0.6
  com.unity.render-pipelines.core from version 4.10.0-preview to 7.1.1
  com.unity.textmeshpro from version 1.3.0 to 3.0.0-preview.1
The following packages were removed:
  com.unity.package-manager-ui@2.0.3
>>>>>>> Stashed changes
